mode: set
github.com/dsolerh/examples/concurrency.course/finalProject/cmd/web/handlers.go:16.69,18.2 1 1
github.com/dsolerh/examples/concurrency.course/finalProject/cmd/web/handlers.go:20.70,22.2 1 1
github.com/dsolerh/examples/concurrency.course/finalProject/cmd/web/handlers.go:24.66,29.16 3 1
github.com/dsolerh/examples/concurrency.course/finalProject/cmd/web/handlers.go:36.2,40.16 4 1
github.com/dsolerh/examples/concurrency.course/finalProject/cmd/web/handlers.go:47.2,48.16 2 1
github.com/dsolerh/examples/concurrency.course/finalProject/cmd/web/handlers.go:54.2,54.16 1 0
github.com/dsolerh/examples/concurrency.course/finalProject/cmd/web/handlers.go:69.2,75.47 4 0
github.com/dsolerh/examples/concurrency.course/finalProject/cmd/web/handlers.go:29.16,32.3 2 0
github.com/dsolerh/examples/concurrency.course/finalProject/cmd/web/handlers.go:40.16,44.3 3 0
github.com/dsolerh/examples/concurrency.course/finalProject/cmd/web/handlers.go:48.16,52.3 3 1
github.com/dsolerh/examples/concurrency.course/finalProject/cmd/web/handlers.go:54.16,66.3 5 0
github.com/dsolerh/examples/concurrency.course/finalProject/cmd/web/handlers.go:78.67,84.2 3 1
github.com/dsolerh/examples/concurrency.course/finalProject/cmd/web/handlers.go:86.73,88.2 1 1
github.com/dsolerh/examples/concurrency.course/finalProject/cmd/web/handlers.go:90.69,93.16 2 0
github.com/dsolerh/examples/concurrency.course/finalProject/cmd/web/handlers.go:100.2,110.16 3 0
github.com/dsolerh/examples/concurrency.course/finalProject/cmd/web/handlers.go:117.2,131.52 7 0
github.com/dsolerh/examples/concurrency.course/finalProject/cmd/web/handlers.go:93.16,95.3 1 0
github.com/dsolerh/examples/concurrency.course/finalProject/cmd/web/handlers.go:110.16,114.3 3 0
github.com/dsolerh/examples/concurrency.course/finalProject/cmd/web/handlers.go:135.76,142.9 4 0
github.com/dsolerh/examples/concurrency.course/finalProject/cmd/web/handlers.go:149.2,150.16 2 0
github.com/dsolerh/examples/concurrency.course/finalProject/cmd/web/handlers.go:156.2,158.16 3 0
github.com/dsolerh/examples/concurrency.course/finalProject/cmd/web/handlers.go:164.2,165.52 2 0
github.com/dsolerh/examples/concurrency.course/finalProject/cmd/web/handlers.go:142.9,146.3 3 0
github.com/dsolerh/examples/concurrency.course/finalProject/cmd/web/handlers.go:150.16,154.3 3 0
github.com/dsolerh/examples/concurrency.course/finalProject/cmd/web/handlers.go:158.16,162.3 3 0
github.com/dsolerh/examples/concurrency.course/finalProject/cmd/web/handlers.go:169.78,171.16 2 0
github.com/dsolerh/examples/concurrency.course/finalProject/cmd/web/handlers.go:176.2,181.4 3 0
github.com/dsolerh/examples/concurrency.course/finalProject/cmd/web/handlers.go:171.16,174.3 2 0
github.com/dsolerh/examples/concurrency.course/finalProject/cmd/web/handlers.go:184.76,192.16 4 0
github.com/dsolerh/examples/concurrency.course/finalProject/cmd/web/handlers.go:199.2,200.9 2 0
github.com/dsolerh/examples/concurrency.course/finalProject/cmd/web/handlers.go:207.2,208.12 2 0
github.com/dsolerh/examples/concurrency.course/finalProject/cmd/web/handlers.go:227.2,228.12 2 0
github.com/dsolerh/examples/concurrency.course/finalProject/cmd/web/handlers.go:256.2,257.16 2 0
github.com/dsolerh/examples/concurrency.course/finalProject/cmd/web/handlers.go:263.2,264.16 2 0
github.com/dsolerh/examples/concurrency.course/finalProject/cmd/web/handlers.go:270.2,274.60 3 0
github.com/dsolerh/examples/concurrency.course/finalProject/cmd/web/handlers.go:192.16,196.3 3 0
github.com/dsolerh/examples/concurrency.course/finalProject/cmd/web/handlers.go:200.9,204.3 3 0
github.com/dsolerh/examples/concurrency.course/finalProject/cmd/web/handlers.go:208.12,212.17 3 0
github.com/dsolerh/examples/concurrency.course/finalProject/cmd/web/handlers.go:216.3,223.20 2 0
github.com/dsolerh/examples/concurrency.course/finalProject/cmd/web/handlers.go:212.17,214.4 1 0
github.com/dsolerh/examples/concurrency.course/finalProject/cmd/web/handlers.go:228.12,235.17 5 0
github.com/dsolerh/examples/concurrency.course/finalProject/cmd/web/handlers.go:240.3,252.51 3 0
github.com/dsolerh/examples/concurrency.course/finalProject/cmd/web/handlers.go:235.17,238.4 2 0
github.com/dsolerh/examples/concurrency.course/finalProject/cmd/web/handlers.go:257.16,261.3 3 0
github.com/dsolerh/examples/concurrency.course/finalProject/cmd/web/handlers.go:264.16,268.3 3 0
github.com/dsolerh/examples/concurrency.course/finalProject/cmd/web/handlers.go:277.78,279.2 1 0
github.com/dsolerh/examples/concurrency.course/finalProject/cmd/web/handlers.go:281.79,303.2 14 0
github.com/dsolerh/examples/concurrency.course/finalProject/cmd/web/helpers.go:3.42,6.2 2 0
github.com/dsolerh/examples/concurrency.course/finalProject/cmd/web/middleware.go:5.64,7.2 1 1
github.com/dsolerh/examples/concurrency.course/finalProject/cmd/web/middleware.go:9.57,10.71 1 1
github.com/dsolerh/examples/concurrency.course/finalProject/cmd/web/middleware.go:10.71,11.49 1 0
github.com/dsolerh/examples/concurrency.course/finalProject/cmd/web/middleware.go:16.3,16.23 1 0
github.com/dsolerh/examples/concurrency.course/finalProject/cmd/web/middleware.go:11.49,15.4 3 0
github.com/dsolerh/examples/concurrency.course/finalProject/cmd/web/routes.go:10.42,33.2 12 1
github.com/dsolerh/examples/concurrency.course/finalProject/cmd/web/routes.go:35.46,43.2 5 1
github.com/dsolerh/examples/concurrency.course/finalProject/cmd/web/mailer.go:42.37,43.6 1 0
github.com/dsolerh/examples/concurrency.course/finalProject/cmd/web/mailer.go:43.6,44.10 1 0
github.com/dsolerh/examples/concurrency.course/finalProject/cmd/web/mailer.go:45.39,46.53 1 0
github.com/dsolerh/examples/concurrency.course/finalProject/cmd/web/mailer.go:47.38,48.29 1 0
github.com/dsolerh/examples/concurrency.course/finalProject/cmd/web/mailer.go:49.30,50.10 1 0
github.com/dsolerh/examples/concurrency.course/finalProject/cmd/web/mailer.go:55.66,58.24 2 0
github.com/dsolerh/examples/concurrency.course/finalProject/cmd/web/mailer.go:62.2,62.20 1 0
github.com/dsolerh/examples/concurrency.course/finalProject/cmd/web/mailer.go:66.2,66.24 1 0
github.com/dsolerh/examples/concurrency.course/finalProject/cmd/web/mailer.go:70.2,70.30 1 0
github.com/dsolerh/examples/concurrency.course/finalProject/cmd/web/mailer.go:74.2,74.27 1 0
github.com/dsolerh/examples/concurrency.course/finalProject/cmd/web/mailer.go:77.2,81.16 3 0
github.com/dsolerh/examples/concurrency.course/finalProject/cmd/web/mailer.go:86.2,87.16 2 0
github.com/dsolerh/examples/concurrency.course/finalProject/cmd/web/mailer.go:91.2,102.16 11 0
github.com/dsolerh/examples/concurrency.course/finalProject/cmd/web/mailer.go:106.2,113.30 3 0
github.com/dsolerh/examples/concurrency.course/finalProject/cmd/web/mailer.go:119.2,119.32 1 0
github.com/dsolerh/examples/concurrency.course/finalProject/cmd/web/mailer.go:125.2,126.16 2 0
github.com/dsolerh/examples/concurrency.course/finalProject/cmd/web/mailer.go:58.24,60.3 1 0
github.com/dsolerh/examples/concurrency.course/finalProject/cmd/web/mailer.go:62.20,64.3 1 0
github.com/dsolerh/examples/concurrency.course/finalProject/cmd/web/mailer.go:66.24,68.3 1 0
github.com/dsolerh/examples/concurrency.course/finalProject/cmd/web/mailer.go:70.30,72.3 1 0
github.com/dsolerh/examples/concurrency.course/finalProject/cmd/web/mailer.go:74.27,76.3 1 0
github.com/dsolerh/examples/concurrency.course/finalProject/cmd/web/mailer.go:81.16,83.3 1 0
github.com/dsolerh/examples/concurrency.course/finalProject/cmd/web/mailer.go:87.16,89.3 1 0
github.com/dsolerh/examples/concurrency.course/finalProject/cmd/web/mailer.go:102.16,104.3 1 0
github.com/dsolerh/examples/concurrency.course/finalProject/cmd/web/mailer.go:113.30,114.37 1 0
github.com/dsolerh/examples/concurrency.course/finalProject/cmd/web/mailer.go:114.37,116.4 1 0
github.com/dsolerh/examples/concurrency.course/finalProject/cmd/web/mailer.go:119.32,120.45 1 0
github.com/dsolerh/examples/concurrency.course/finalProject/cmd/web/mailer.go:120.45,122.4 1 0
github.com/dsolerh/examples/concurrency.course/finalProject/cmd/web/mailer.go:126.16,128.3 1 0
github.com/dsolerh/examples/concurrency.course/finalProject/cmd/web/mailer.go:132.68,136.16 3 0
github.com/dsolerh/examples/concurrency.course/finalProject/cmd/web/mailer.go:140.2,141.68 2 0
github.com/dsolerh/examples/concurrency.course/finalProject/cmd/web/mailer.go:145.2,146.16 2 0
github.com/dsolerh/examples/concurrency.course/finalProject/cmd/web/mailer.go:150.2,150.30 1 0
github.com/dsolerh/examples/concurrency.course/finalProject/cmd/web/mailer.go:136.16,138.3 1 0
github.com/dsolerh/examples/concurrency.course/finalProject/cmd/web/mailer.go:141.68,143.3 1 0
github.com/dsolerh/examples/concurrency.course/finalProject/cmd/web/mailer.go:146.16,148.3 1 0
github.com/dsolerh/examples/concurrency.course/finalProject/cmd/web/mailer.go:153.69,157.16 3 0
github.com/dsolerh/examples/concurrency.course/finalProject/cmd/web/mailer.go:161.2,162.68 2 0
github.com/dsolerh/examples/concurrency.course/finalProject/cmd/web/mailer.go:166.2,167.16 2 0
github.com/dsolerh/examples/concurrency.course/finalProject/cmd/web/mailer.go:171.2,171.26 1 0
github.com/dsolerh/examples/concurrency.course/finalProject/cmd/web/mailer.go:157.16,159.3 1 0
github.com/dsolerh/examples/concurrency.course/finalProject/cmd/web/mailer.go:162.68,164.3 1 0
github.com/dsolerh/examples/concurrency.course/finalProject/cmd/web/mailer.go:167.16,169.3 1 0
github.com/dsolerh/examples/concurrency.course/finalProject/cmd/web/mailer.go:174.58,182.16 3 0
github.com/dsolerh/examples/concurrency.course/finalProject/cmd/web/mailer.go:186.2,187.16 2 0
github.com/dsolerh/examples/concurrency.course/finalProject/cmd/web/mailer.go:191.2,191.18 1 0
github.com/dsolerh/examples/concurrency.course/finalProject/cmd/web/mailer.go:182.16,184.3 1 0
github.com/dsolerh/examples/concurrency.course/finalProject/cmd/web/mailer.go:187.16,189.3 1 0
github.com/dsolerh/examples/concurrency.course/finalProject/cmd/web/mailer.go:194.62,195.11 1 0
github.com/dsolerh/examples/concurrency.course/finalProject/cmd/web/mailer.go:196.13,197.33 1 0
github.com/dsolerh/examples/concurrency.course/finalProject/cmd/web/mailer.go:198.13,199.31 1 0
github.com/dsolerh/examples/concurrency.course/finalProject/cmd/web/mailer.go:200.14,201.29 1 0
github.com/dsolerh/examples/concurrency.course/finalProject/cmd/web/mailer.go:202.10,203.33 1 0
github.com/dsolerh/examples/concurrency.course/finalProject/cmd/web/main.go:26.13,66.2 11 0
github.com/dsolerh/examples/concurrency.course/finalProject/cmd/web/main.go:68.28,78.16 4 0
github.com/dsolerh/examples/concurrency.course/finalProject/cmd/web/main.go:78.16,80.3 1 0
github.com/dsolerh/examples/concurrency.course/finalProject/cmd/web/main.go:83.23,85.17 2 0
github.com/dsolerh/examples/concurrency.course/finalProject/cmd/web/main.go:88.2,88.13 1 0
github.com/dsolerh/examples/concurrency.course/finalProject/cmd/web/main.go:85.17,87.3 1 0
github.com/dsolerh/examples/concurrency.course/finalProject/cmd/web/main.go:91.28,96.6 3 0
github.com/dsolerh/examples/concurrency.course/finalProject/cmd/web/main.go:96.6,98.17 2 0
github.com/dsolerh/examples/concurrency.course/finalProject/cmd/web/main.go:105.3,105.18 1 0
github.com/dsolerh/examples/concurrency.course/finalProject/cmd/web/main.go:98.17,100.4 1 0
github.com/dsolerh/examples/concurrency.course/finalProject/cmd/web/main.go:100.9,103.4 2 0
github.com/dsolerh/examples/concurrency.course/finalProject/cmd/web/main.go:105.18,107.4 1 0
github.com/dsolerh/examples/concurrency.course/finalProject/cmd/web/main.go:107.9,111.4 3 0
github.com/dsolerh/examples/concurrency.course/finalProject/cmd/web/main.go:115.42,118.16 2 0
github.com/dsolerh/examples/concurrency.course/finalProject/cmd/web/main.go:122.2,123.16 2 0
github.com/dsolerh/examples/concurrency.course/finalProject/cmd/web/main.go:127.2,127.16 1 0
github.com/dsolerh/examples/concurrency.course/finalProject/cmd/web/main.go:118.16,120.3 1 0
github.com/dsolerh/examples/concurrency.course/finalProject/cmd/web/main.go:123.16,125.3 1 0
github.com/dsolerh/examples/concurrency.course/finalProject/cmd/web/main.go:130.40,142.2 8 0
github.com/dsolerh/examples/concurrency.course/finalProject/cmd/web/main.go:144.30,147.36 1 0
github.com/dsolerh/examples/concurrency.course/finalProject/cmd/web/main.go:151.2,151.18 1 0
github.com/dsolerh/examples/concurrency.course/finalProject/cmd/web/main.go:147.36,149.4 1 0
github.com/dsolerh/examples/concurrency.course/finalProject/cmd/web/main.go:154.40,160.2 5 0
github.com/dsolerh/examples/concurrency.course/finalProject/cmd/web/main.go:162.37,163.6 1 0
github.com/dsolerh/examples/concurrency.course/finalProject/cmd/web/main.go:163.6,164.10 1 0
github.com/dsolerh/examples/concurrency.course/finalProject/cmd/web/main.go:165.31,166.29 1 0
github.com/dsolerh/examples/concurrency.course/finalProject/cmd/web/main.go:167.28,168.10 1 0
github.com/dsolerh/examples/concurrency.course/finalProject/cmd/web/main.go:173.31,190.2 10 0
github.com/dsolerh/examples/concurrency.course/finalProject/cmd/web/main.go:192.44,210.2 4 0
github.com/dsolerh/examples/concurrency.course/finalProject/cmd/web/render.go:27.95,41.15 5 1
github.com/dsolerh/examples/concurrency.course/finalProject/cmd/web/render.go:45.2,46.16 2 1
github.com/dsolerh/examples/concurrency.course/finalProject/cmd/web/render.go:52.2,52.67 1 1
github.com/dsolerh/examples/concurrency.course/finalProject/cmd/web/render.go:41.15,43.3 1 1
github.com/dsolerh/examples/concurrency.course/finalProject/cmd/web/render.go:46.16,50.3 3 0
github.com/dsolerh/examples/concurrency.course/finalProject/cmd/web/render.go:52.67,56.3 3 0
github.com/dsolerh/examples/concurrency.course/finalProject/cmd/web/render.go:59.84,63.28 4 1
github.com/dsolerh/examples/concurrency.course/finalProject/cmd/web/render.go:72.2,74.11 2 1
github.com/dsolerh/examples/concurrency.course/finalProject/cmd/web/render.go:63.28,66.10 3 0
github.com/dsolerh/examples/concurrency.course/finalProject/cmd/web/render.go:66.10,68.4 1 0
github.com/dsolerh/examples/concurrency.course/finalProject/cmd/web/render.go:68.9,70.4 1 0
github.com/dsolerh/examples/concurrency.course/finalProject/cmd/web/render.go:77.58,79.2 1 1
github.com/dsolerh/examples/concurrency.course/finalProject/cmd/web/signer.go:16.21,18.2 1 0
github.com/dsolerh/examples/concurrency.course/finalProject/cmd/web/signer.go:21.50,25.33 3 0
github.com/dsolerh/examples/concurrency.course/finalProject/cmd/web/signer.go:31.2,34.14 3 0
github.com/dsolerh/examples/concurrency.course/finalProject/cmd/web/signer.go:25.33,27.3 1 0
github.com/dsolerh/examples/concurrency.course/finalProject/cmd/web/signer.go:27.8,29.3 1 0
github.com/dsolerh/examples/concurrency.course/finalProject/cmd/web/signer.go:38.37,43.2 3 0
github.com/dsolerh/examples/concurrency.course/finalProject/cmd/web/signer.go:46.57,52.2 3 0
